\BOOKMARK [0][]{chapter.1}{\376\377\0001\000\040\133\236\232\214\116\000\377\032\123\315\154\107\177\026\116\000\116\052\173\200\123\125\166\204\000\040\000C\000\040\172\013\136\217}{}% 1
\BOOKMARK [1][]{section.1.1}{\376\377\0001\000.\0001\000\040\123\315\154\107\177\026\116\000\116\052\173\200\123\125\166\204\000\040\000C\000\040\172\013\136\217}{chapter.1}% 2
\BOOKMARK [2][]{subsection.1.1.1}{\376\377\0001\000.\0001\000.\0001\000\040\134\006\000O\000S\160\347\137\125\122\060\000M\000i\000c\000r\000o\000-\000S\000D\123\141\116\012}{section.1.1}% 3
\BOOKMARK [2][]{subsection.1.1.2}{\376\377\0001\000.\0001\000.\0002\000\040\000s\000s\000h\217\336\143\245\000v\000i\000s\000i\000o\000n\000f\000i\000v\000e\000\040\0002}{section.1.1}% 4
\BOOKMARK [1][]{section.1.2}{\376\377\0001\000.\0002\000\040\123\315\177\026\213\321\000c\213\355\212\000\116\343\170\001}{chapter.1}% 5
\BOOKMARK [0][]{chapter.2}{\376\377\0002\000\040\133\236\232\214\116\214\377\032\133\214\142\020\116\000\116\052\173\200\123\125\166\204\145\366\225\364\162\107\217\156\217\154\131\032\220\123\172\013\136\217\121\205\150\070\116\343\170\001}{}% 6
\BOOKMARK [1][]{section.2.1}{\376\377\0002\000.\0001\000\040\116\062\123\343\217\336\143\245\137\000\123\321\147\177}{chapter.2}% 7
\BOOKMARK [1][]{section.2.2}{\376\377\0002\000.\0002\000\040\000m\000i\000n\000c\000o\000m\116\062\123\343\135\345\121\167\116\013\217\175\116\016\213\276\177\156}{chapter.2}% 8
\BOOKMARK [1][]{section.2.3}{\376\377\0002\000.\0003\000\040\000C\000H\0003\0004\0000\174\373\122\027\116\062\123\343\232\161\122\250\123\140\165\050}{chapter.2}% 9
\BOOKMARK [1][]{section.2.4}{\376\377\0002\000.\0004\000\040\116\072\177\026\213\321\000L\000i\000n\000u\000x\121\205\150\070\120\132\121\306\131\007}{chapter.2}% 10
\BOOKMARK [1][]{section.2.5}{\376\377\0002\000.\0005\000\040\000R\000I\000S\000C\000-\000V\147\266\147\204\000M\000y\000K\000e\000r\000n\000e\000l\121\205\150\070\166\204\147\204\136\372}{chapter.2}% 11
\BOOKMARK [2][]{subsection.2.5.1}{\376\377\0002\000.\0005\000.\0001\000\040\133\236\232\214\166\356\166\204\124\214\133\236\232\214\121\205\133\271}{section.2.5}% 12
\BOOKMARK [2][]{subsection.2.5.2}{\376\377\0002\000.\0005\000.\0002\000\040\116\206\211\343\000r\000i\000s\000c\000v}{section.2.5}% 13
\BOOKMARK [2][]{subsection.2.5.3}{\376\377\0002\000.\0005\000.\0003\000\040\122\066\117\134\142\021\116\354\166\204\173\200\146\023\214\003\136\246\126\150}{section.2.5}% 14
\BOOKMARK [1][]{section.2.6}{\376\377\0002\000.\0006\000\040\177\026\213\321\000R\000I\000S\000C\000-\000V\147\266\147\204\000M\000y\000K\000e\000r\000n\000e\000l\121\205\150\070}{chapter.2}% 15
\BOOKMARK [1][]{section.2.7}{\376\377\0002\000.\0007\000\040\000M\000y\000K\000e\000r\000n\000e\000l\121\205\150\070\171\373\151\015\000V\000i\000s\000i\000o\000n\000F\000i\000v\000e\0002\137\000\123\321\147\177}{chapter.2}% 16
\BOOKMARK [2][]{subsection.2.7.1}{\376\377\0002\000.\0007\000.\0001\000\040\000U\000b\000u\000n\000t\000u\133\211\210\305\124\214\221\115\177\156\000T\000F\000T\000P\147\015\122\241\126\150}{section.2.7}% 17
\BOOKMARK [1][]{section.2.8}{\376\377\0002\000.\0008\000\040\000U\000b\000o\000o\000t\000\040\122\240\217\175\000\040\000M\000y\000K\000e\000r\000n\000e\000l\000\040\121\205\150\070\124\214\150\071\145\207\116\366\174\373\176\337}{chapter.2}% 18
\BOOKMARK [2][]{subsection.2.8.1}{\376\377\0002\000.\0008\000.\0001\000\040\221\115\177\156\000T\000F\000T\000P\147\015\122\241}{section.2.8}% 19
\BOOKMARK [0][]{chapter.3}{\376\377\0003\000\040\133\236\232\214\116\011\377\032\215\337\216\052\122\006\147\220\000\040\000L\000i\000n\000u\000x\000\040\121\205\150\070\166\204\124\057\122\250\217\307\172\013}{}% 20
\BOOKMARK [1][]{section.3.1}{\376\377\0003\000.\0001\000\040\116\013\217\175\000R\000I\000S\000C\000-\000V\135\345\121\167\224\376}{chapter.3}% 21
\BOOKMARK [1][]{section.3.2}{\376\377\0003\000.\0002\000\040\133\211\210\305\000Q\000E\000M\000U}{chapter.3}% 22
\BOOKMARK [1][]{section.3.3}{\376\377\0003\000.\0003\000\040\177\026\213\321\000O\000p\000e\000n\000S\000B\000I}{chapter.3}% 23
\BOOKMARK [1][]{section.3.4}{\376\377\0003\000.\0004\000\040\177\026\213\321\000L\000i\000n\000u\000x\000\040\000K\000e\000r\000n\000e\000l}{chapter.3}% 24
\BOOKMARK [1][]{section.3.5}{\376\377\0003\000.\0005\000\040\122\066\117\134\150\071\145\207\116\366\174\373\176\337}{chapter.3}% 25
\BOOKMARK [1][]{section.3.6}{\376\377\0003\000.\0006\000\040\217\320\210\114\173\200\146\023\000L\000i\000n\000u\000x\121\205\150\070}{chapter.3}% 26
\BOOKMARK [0][]{chapter.4}{\376\377\0004\000\040\133\236\232\214\126\333\377\032\117\177\165\050\136\223\121\375\145\160\000A\000P\000I\124\214\000C\116\343\170\001\116\055\135\114\121\145\154\107\177\026\116\343\170\001\116\044\171\315\145\271\137\017\117\177\165\050\124\014\116\000\116\052\174\373\176\337\214\003\165\050}{}% 27
\BOOKMARK [1][]{section.4.1}{\376\377\0004\000.\0001\000\040\117\177\165\050\000S\000S\000H\217\336\143\245\000s\000t\000a\000r\000f\000i\000v\000e\000\040\000v\000i\000s\000i\000o\000n\000f\000i\000v\000e\000\040\0002}{chapter.4}% 28
\BOOKMARK [1][]{section.4.2}{\376\377\0004\000.\0002\000\040\117\177\165\050\000m\000a\000n\147\345\167\013\000w\000r\000i\000t\000e\121\375\145\160}{chapter.4}% 29
\BOOKMARK [1][]{section.4.3}{\376\377\0004\000.\0003\000\040\000C\213\355\212\000\214\003\165\050\000w\000r\000i\000t\000e\121\375\145\160}{chapter.4}% 30
\BOOKMARK [1][]{section.4.4}{\376\377\0004\000.\0004\000\040\000R\000I\000S\000C\000-\000V\121\205\200\124\154\107\177\026\214\003\165\050\000w\000r\000i\000t\000e\121\375\145\160}{chapter.4}% 31
\BOOKMARK [1][]{section.4.5}{\376\377\0004\000.\0005\000\040\121\205\200\124\154\107\177\026\211\343\221\312}{chapter.4}% 32
\BOOKMARK [0][]{chapter.5}{\376\377\0005\000\040\133\236\232\214\116\224\377\032\122\006\147\220\000\040\000s\000y\000s\000t\000e\000m\000\040\000c\000a\000l\000l\000\040\116\055\145\255\131\004\164\006\217\307\172\013}{}% 33
\BOOKMARK [1][]{section.5.1}{\376\377\0005\000.\0001\000\040\000M\000e\000n\000u\000O\000S\217\301\171\373\122\060\000R\000I\000S\000C\000-\000V\147\266\147\204}{chapter.5}% 34
\BOOKMARK [1][]{section.5.2}{\376\377\0005\000.\0002\000\040\000C\000W\000r\000i\000t\000e\124\214\166\204\177\026\121\231}{chapter.5}% 35
\BOOKMARK [1][]{section.5.3}{\376\377\0005\000.\0003\000\040\000G\000D\000B\214\003\213\325\000s\000y\000s\000\137\000w\000r\000i\000t\000e\121\375\145\160}{chapter.5}% 36
\BOOKMARK [0][]{chapter.6}{\376\377\0006\000\040\133\236\232\214\121\155\377\032\122\006\147\220\000\040\000L\000i\000n\000u\000x\000\040\121\205\150\070\122\033\136\372\116\000\116\052\145\260\217\333\172\013\166\204\217\307\172\013}{}% 37
\BOOKMARK [1][]{section.6.1}{\376\377\0006\000.\0001\000\040\226\005\213\373\164\006\211\343\000\040\000t\000a\000s\000k\000\137\000s\000t\000r\000u\000c\000t\000\040\145\160\143\156\176\323\147\204}{chapter.6}% 38
\BOOKMARK [1][]{section.6.2}{\376\377\0006\000.\0002\000\040\122\006\147\220\000\040\000f\000o\000r\000k\000\040\121\375\145\160\133\371\136\224\166\204\121\205\150\070\131\004\164\006\217\307\172\013\000\040\000s\000y\000s\000\137\000c\000l\000o\000n\000e}{chapter.6}% 39
\BOOKMARK [1][]{section.6.3}{\376\377\0006\000.\0003\000\040\000G\000D\000B\000\040\215\337\216\052\122\006\147\220\000s\000y\000s\000\137\000c\000l\000o\000n\000e}{chapter.6}% 40
\BOOKMARK [0][]{chapter.7}{\376\377\0007\000\040\133\236\232\214\116\003\377\032\000L\000i\000n\000u\000x\000\040\121\205\150\070\131\202\117\125\210\305\217\175\124\214\124\057\122\250\116\000\116\052\123\357\142\147\210\114\172\013}{}% 41
\BOOKMARK [1][]{section.7.1}{\376\377\0007\000.\0001\000\040\172\013\136\217\166\204\177\026\213\321\217\307\172\013}{chapter.7}% 42
\BOOKMARK [1][]{section.7.2}{\376\377\0007\000.\0002\000\040\122\250\140\001\224\376\143\245}{chapter.7}% 43
\BOOKMARK [1][]{section.7.3}{\376\377\0007\000.\0003\000\040\000g\000d\000b\000\040\215\337\216\052\122\006\147\220\116\000\116\052\000\040\000e\000x\000e\000c\000v\000e\000\040\174\373\176\337\214\003\165\050}{chapter.7}% 44
\BOOKMARK [0][]{chapter.8}{\376\377\0008\000\040\133\236\232\214\121\153\377\032\164\006\211\343\217\333\172\013\214\003\136\246\145\366\147\072\215\337\216\052\122\006\147\220\217\333\172\013\214\003\136\246\116\016\217\333\172\013\122\007\143\142\166\204\217\307\172\013}{}% 45
\BOOKMARK [1][]{section.8.1}{\376\377\0008\000.\0001\000\040\164\006\211\343\000\040\000L\000i\000n\000u\000x\000\040\174\373\176\337\116\055\217\333\172\013\214\003\136\246\166\204\145\366\147\072}{chapter.8}% 46
\BOOKMARK [1][]{section.8.2}{\376\377\0008\000.\0002\000\040\000g\000d\000b\000\040\215\337\216\052\122\006\147\220\000\040\000s\000c\000h\000e\000d\000u\000l\000e\000\050\000\051\121\375\145\160}{chapter.8}% 47
\BOOKMARK [1][]{section.8.3}{\376\377\0008\000.\0003\000\040\122\006\147\220\000\040\000s\000w\000i\000t\000c\000h\000\137\000t\000o\000\040\116\055\166\204\154\107\177\026\116\343\170\001}{chapter.8}% 48
\BOOKMARK [1][]{section.8.4}{\376\377\0008\000.\0004\000\040\122\006\147\220\154\107\177\026\116\343\170\001}{chapter.8}% 49
\BOOKMARK [1][]{section.8.5}{\376\377\0008\000.\0005\000\040\164\006\211\343\217\333\172\013\116\012\116\013\145\207\166\204\122\007\143\142\147\072\122\066\124\214\116\055\145\255\116\012\116\013\145\207\122\007\143\142\166\204\121\163\174\373}{chapter.8}% 50
